{"C:\\Users\\JV13\\Desktop\\Projects\\dashboard-api\\src\\app.ts": {"path":"C:\\Users\\JV13\\Desktop\\Projects\\dashboard-api\\src\\app.ts","statementMap":{"0":{"start":{"line":1,"column":0},"end":{"line":1,"column":48}},"1":{"start":{"line":3,"column":0},"end":{"line":3,"column":47}},"2":{"start":{"line":5,"column":0},"end":{"line":5,"column":26}},"3":{"start":{"line":7,"column":0},"end":{"line":7,"column":68}},"4":{"start":{"line":10,"column":0},"end":{"line":10,"column":52}},"5":{"start":{"line":16,"column":7},"end":{"line":63,"column":null}},"6":{"start":{"line":22,"column":33},"end":{"line":22,"column":62}},"7":{"start":{"line":23,"column":41},"end":{"line":23,"column":73}},"8":{"start":{"line":25,"column":10},"end":{"line":25,"column":48}},"9":{"start":{"line":27,"column":10},"end":{"line":27,"column":38}},"10":{"start":{"line":29,"column":10},"end":{"line":29,"column":38}},"11":{"start":{"line":31,"column":2},"end":{"line":31,"column":23}},"12":{"start":{"line":32,"column":2},"end":{"line":32,"column":31}},"13":{"start":{"line":33,"column":2},"end":{"line":33,"column":45}},"14":{"start":{"line":37,"column":25},"end":{"line":37,"column":81}},"15":{"start":{"line":38,"column":2},"end":{"line":38,"column":60}},"16":{"start":{"line":42,"column":2},"end":{"line":42,"column":54}},"17":{"start":{"line":46,"column":2},"end":{"line":46,"column":80}},"18":{"start":{"line":50,"column":2},"end":{"line":50,"column":23}},"19":{"start":{"line":51,"column":2},"end":{"line":51,"column":19}},"20":{"start":{"line":52,"column":2},"end":{"line":52,"column":28}},"21":{"start":{"line":53,"column":2},"end":{"line":53,"column":37}},"22":{"start":{"line":54,"column":2},"end":{"line":54,"column":43}},"23":{"start":{"line":55,"column":2},"end":{"line":55,"column":76}},"24":{"start":{"line":59,"column":2},"end":{"line":59,"column":22}},"25":{"start":{"line":60,"column":2},"end":{"line":60,"column":40}},"26":{"start":{"line":61,"column":2},"end":{"line":61,"column":62}},"27":{"start":{"line":16,"column":13},"end":{"line":16,"column":16}},"28":{"start":{"line":16,"column":13},"end":{"line":63,"column":null}}},"fnMap":{"0":{"name":"(anonymous_5)","decl":{"start":{"line":21,"column":1},"end":{"line":21,"column":null}},"loc":{"start":{"line":29,"column":38},"end":{"line":34,"column":2}}},"1":{"name":"(anonymous_6)","decl":{"start":{"line":36,"column":8},"end":{"line":36,"column":21}},"loc":{"start":{"line":36,"column":21},"end":{"line":39,"column":2}}},"2":{"name":"(anonymous_7)","decl":{"start":{"line":41,"column":8},"end":{"line":41,"column":17}},"loc":{"start":{"line":41,"column":17},"end":{"line":43,"column":2}}},"3":{"name":"(anonymous_8)","decl":{"start":{"line":45,"column":8},"end":{"line":45,"column":26}},"loc":{"start":{"line":45,"column":26},"end":{"line":47,"column":2}}},"4":{"name":"(anonymous_9)","decl":{"start":{"line":49,"column":8},"end":{"line":49,"column":13}},"loc":{"start":{"line":49,"column":18},"end":{"line":56,"column":2}}},"5":{"name":"(anonymous_10)","decl":{"start":{"line":58,"column":8},"end":{"line":58,"column":13}},"loc":{"start":{"line":58,"column":19},"end":{"line":62,"column":2}}}},"branchMap":{},"s":{"0":1,"1":1,"2":1,"3":1,"4":1,"5":1,"6":1,"7":1,"8":1,"9":1,"10":1,"11":1,"12":1,"13":1,"14":1,"15":1,"16":1,"17":1,"18":1,"19":1,"20":1,"21":1,"22":1,"23":1,"24":1,"25":1,"26":1,"27":1,"28":1},"f":{"0":1,"1":1,"2":1,"3":1,"4":1,"5":1},"b":{}}
,"C:\\Users\\JV13\\Desktop\\Projects\\dashboard-api\\src\\main.ts": {"path":"C:\\Users\\JV13\\Desktop\\Projects\\dashboard-api\\src\\main.ts","statementMap":{"0":{"start":{"line":1,"column":0},"end":{"line":1,"column":55}},"1":{"start":{"line":3,"column":0},"end":{"line":3,"column":26}},"2":{"start":{"line":5,"column":0},"end":{"line":5,"column":76}},"3":{"start":{"line":6,"column":0},"end":{"line":6,"column":63}},"4":{"start":{"line":7,"column":0},"end":{"line":7,"column":57}},"5":{"start":{"line":8,"column":0},"end":{"line":8,"column":52}},"6":{"start":{"line":9,"column":0},"end":{"line":9,"column":78}},"7":{"start":{"line":16,"column":0},"end":{"line":16,"column":63}},"8":{"start":{"line":17,"column":0},"end":{"line":17,"column":63}},"9":{"start":{"line":18,"column":0},"end":{"line":18,"column":60}},"10":{"start":{"line":20,"column":0},"end":{"line":20,"column":28}},"11":{"start":{"line":22,"column":13},"end":{"line":31,"column":3}},"12":{"start":{"line":23,"column":1},"end":{"line":23,"column":74}},"13":{"start":{"line":24,"column":1},"end":{"line":24,"column":77}},"14":{"start":{"line":25,"column":1},"end":{"line":25,"column":67}},"15":{"start":{"line":26,"column":1},"end":{"line":26,"column":58}},"16":{"start":{"line":27,"column":1},"end":{"line":27,"column":79}},"17":{"start":{"line":28,"column":1},"end":{"line":28,"column":80}},"18":{"start":{"line":29,"column":1},"end":{"line":29,"column":85}},"19":{"start":{"line":30,"column":1},"end":{"line":30,"column":38}},"20":{"start":{"line":34,"column":22},"end":{"line":34,"column":37}},"21":{"start":{"line":35,"column":1},"end":{"line":35,"column":40}},"22":{"start":{"line":36,"column":13},"end":{"line":36,"column":53}},"23":{"start":{"line":37,"column":1},"end":{"line":37,"column":18}},"24":{"start":{"line":38,"column":1},"end":{"line":38,"column":30}},"25":{"start":{"line":40,"column":13},"end":{"line":40,"column":32}}},"fnMap":{"0":{"name":"(anonymous_0)","decl":{"start":{"line":22,"column":55},"end":{"line":22,"column":56}},"loc":{"start":{"line":22,"column":89},"end":{"line":31,"column":1}}},"1":{"name":"bootstrap","decl":{"start":{"line":33,"column":15},"end":{"line":33,"column":24}},"loc":{"start":{"line":33,"column":24},"end":{"line":39,"column":1}}}},"branchMap":{},"s":{"0":1,"1":1,"2":1,"3":1,"4":1,"5":1,"6":1,"7":1,"8":1,"9":1,"10":1,"11":1,"12":1,"13":1,"14":1,"15":1,"16":1,"17":1,"18":1,"19":1,"20":1,"21":1,"22":1,"23":1,"24":1,"25":1},"f":{"0":1,"1":1},"b":{}}
,"C:\\Users\\JV13\\Desktop\\Projects\\dashboard-api\\src\\common\\base.controller.ts": {"path":"C:\\Users\\JV13\\Desktop\\Projects\\dashboard-api\\src\\common\\base.controller.ts","statementMap":{"0":{"start":{"line":1,"column":0},"end":{"line":1,"column":48}},"1":{"start":{"line":2,"column":0},"end":{"line":2,"column":47}},"2":{"start":{"line":4,"column":0},"end":{"line":4,"column":26}},"3":{"start":{"line":6,"column":0},"end":{"line":6,"column":54}},"4":{"start":{"line":7,"column":0},"end":{"line":7,"column":52}},"5":{"start":{"line":14,"column":7},"end":{"line":47,"column":null}},"6":{"start":{"line":18,"column":51},"end":{"line":18,"column":73}},"7":{"start":{"line":19,"column":2},"end":{"line":19,"column":26}},"8":{"start":{"line":23,"column":2},"end":{"line":23,"column":22}},"9":{"start":{"line":27,"column":2},"end":{"line":27,"column":31}},"10":{"start":{"line":28,"column":2},"end":{"line":28,"column":40}},"11":{"start":{"line":32,"column":2},"end":{"line":32,"column":41}},"12":{"start":{"line":36,"column":2},"end":{"line":36,"column":29}},"13":{"start":{"line":40,"column":2},"end":{"line":45,"column":3}},"14":{"start":{"line":41,"column":22},"end":{"line":41,"column":70}},"15":{"start":{"line":41,"column":52},"end":{"line":41,"column":69}},"16":{"start":{"line":42,"column":19},"end":{"line":42,"column":40}},"17":{"start":{"line":43,"column":20},"end":{"line":43,"column":67}},"18":{"start":{"line":44,"column":3},"end":{"line":44,"column":51}},"19":{"start":{"line":14,"column":22},"end":{"line":14,"column":36}},"20":{"start":{"line":16,"column":18},"end":{"line":16,"column":null}},"21":{"start":{"line":14,"column":22},"end":{"line":47,"column":null}}},"fnMap":{"0":{"name":"(anonymous_4)","decl":{"start":{"line":18,"column":1},"end":{"line":18,"column":21}},"loc":{"start":{"line":18,"column":73},"end":{"line":20,"column":2}}},"1":{"name":"(anonymous_5)","decl":{"start":{"line":22,"column":1},"end":{"line":22,"column":5}},"loc":{"start":{"line":22,"column":11},"end":{"line":24,"column":2}}},"2":{"name":"(anonymous_6)","decl":{"start":{"line":26,"column":8},"end":{"line":26,"column":12}},"loc":{"start":{"line":26,"column":55},"end":{"line":29,"column":2}}},"3":{"name":"(anonymous_7)","decl":{"start":{"line":31,"column":8},"end":{"line":31,"column":10}},"loc":{"start":{"line":31,"column":39},"end":{"line":33,"column":2}}},"4":{"name":"(anonymous_8)","decl":{"start":{"line":35,"column":8},"end":{"line":35,"column":15}},"loc":{"start":{"line":35,"column":29},"end":{"line":37,"column":2}}},"5":{"name":"(anonymous_9)","decl":{"start":{"line":39,"column":11},"end":{"line":39,"column":21}},"loc":{"start":{"line":39,"column":38},"end":{"line":46,"column":2}}},"6":{"name":"(anonymous_10)","decl":{"start":{"line":41,"column":45},"end":{"line":41,"column":46}},"loc":{"start":{"line":41,"column":52},"end":{"line":41,"column":69}}}},"branchMap":{"0":{"loc":{"start":{"line":43,"column":20},"end":{"line":43,"column":67}},"type":"cond-expr","locations":[{"start":{"line":43,"column":33},"end":{"line":43,"column":57}},{"start":{"line":43,"column":60},"end":{"line":43,"column":67}}]},"1":{"loc":{"start":{"line":16,"column":28},"end":{"line":16,"column":35}},"type":"cond-expr","locations":[{"start":{"line":16,"column":34},"end":{"line":16,"column":35}},{"start":{"line":16,"column":34},"end":{"line":16,"column":35}}]},"2":{"loc":{"start":{"line":16,"column":28},"end":{"line":16,"column":34}},"type":"binary-expr","locations":[{"start":{"line":16,"column":28},"end":{"line":16,"column":35}},{"start":{"line":16,"column":28},"end":{"line":16,"column":34}}]}},"s":{"0":1,"1":1,"2":1,"3":1,"4":1,"5":1,"6":1,"7":1,"8":4,"9":4,"10":4,"11":4,"12":0,"13":1,"14":3,"15":3,"16":3,"17":3,"18":3,"19":1,"20":1,"21":1},"f":{"0":1,"1":4,"2":4,"3":4,"4":0,"5":1,"6":3},"b":{"0":[3,0],"1":[1,0],"2":[1,1]}}
,"C:\\Users\\JV13\\Desktop\\Projects\\dashboard-api\\src\\common\\guard\\auth.guard.ts": {"path":"C:\\Users\\JV13\\Desktop\\Projects\\dashboard-api\\src\\common\\guard\\auth.guard.ts","statementMap":{"0":{"start":{"line":7,"column":2},"end":{"line":9,"column":3}},"1":{"start":{"line":8,"column":3},"end":{"line":8,"column":17}},"2":{"start":{"line":10,"column":2},"end":{"line":10,"column":54}},"3":{"start":{"line":5,"column":0},"end":{"line":5,"column":13}}},"fnMap":{"0":{"name":"(anonymous_0)","decl":{"start":{"line":6,"column":8},"end":{"line":6,"column":15}},"loc":{"start":{"line":6,"column":63},"end":{"line":11,"column":2}}}},"branchMap":{"0":{"loc":{"start":{"line":7,"column":2},"end":{"line":9,"column":3}},"type":"if","locations":[{"start":{"line":7,"column":2},"end":{"line":9,"column":3}},{"start":{},"end":{}}]}},"s":{"0":2,"1":1,"2":1,"3":1},"f":{"0":2},"b":{"0":[1,1]}}
,"C:\\Users\\JV13\\Desktop\\Projects\\dashboard-api\\src\\common\\middleware\\auth.middleware.ts": {"path":"C:\\Users\\JV13\\Desktop\\Projects\\dashboard-api\\src\\common\\middleware\\auth.middleware.ts","statementMap":{"0":{"start":{"line":2,"column":0},"end":{"line":2,"column":31}},"1":{"start":{"line":7,"column":28},"end":{"line":7,"column":42}},"2":{"start":{"line":10,"column":21},"end":{"line":10,"column":46}},"3":{"start":{"line":11,"column":2},"end":{"line":28,"column":3}},"4":{"start":{"line":12,"column":17},"end":{"line":12,"column":38}},"5":{"start":{"line":13,"column":3},"end":{"line":27,"column":4}},"6":{"start":{"line":14,"column":18},"end":{"line":14,"column":27}},"7":{"start":{"line":15,"column":4},"end":{"line":26,"column":5}},"8":{"start":{"line":16,"column":21},"end":{"line":16,"column":51}},"9":{"start":{"line":17,"column":5},"end":{"line":20,"column":6}},"10":{"start":{"line":18,"column":6},"end":{"line":18,"column":25}},"11":{"start":{"line":19,"column":6},"end":{"line":19,"column":13}},"12":{"start":{"line":21,"column":5},"end":{"line":21,"column":12}},"13":{"start":{"line":23,"column":5},"end":{"line":25,"column":6}},"14":{"start":{"line":24,"column":6},"end":{"line":24,"column":13}},"15":{"start":{"line":29,"column":2},"end":{"line":29,"column":9}},"16":{"start":{"line":6,"column":0},"end":{"line":6,"column":13}}},"fnMap":{"0":{"name":"(anonymous_1)","decl":{"start":{"line":7,"column":1},"end":{"line":7,"column":28}},"loc":{"start":{"line":7,"column":42},"end":{"line":7,"column":46}}},"1":{"name":"(anonymous_2)","decl":{"start":{"line":9,"column":1},"end":{"line":9,"column":8}},"loc":{"start":{"line":9,"column":56},"end":{"line":30,"column":2}}}},"branchMap":{"0":{"loc":{"start":{"line":11,"column":2},"end":{"line":28,"column":3}},"type":"if","locations":[{"start":{"line":11,"column":2},"end":{"line":28,"column":3}},{"start":{},"end":{}}]},"1":{"loc":{"start":{"line":13,"column":3},"end":{"line":27,"column":4}},"type":"if","locations":[{"start":{"line":13,"column":3},"end":{"line":27,"column":4}},{"start":{},"end":{}}]},"2":{"loc":{"start":{"line":13,"column":7},"end":{"line":13,"column":50}},"type":"binary-expr","locations":[{"start":{"line":13,"column":7},"end":{"line":13,"column":25}},{"start":{"line":13,"column":29},"end":{"line":13,"column":50}}]},"3":{"loc":{"start":{"line":17,"column":5},"end":{"line":20,"column":6}},"type":"if","locations":[{"start":{"line":17,"column":5},"end":{"line":20,"column":6}},{"start":{},"end":{}}]},"4":{"loc":{"start":{"line":23,"column":5},"end":{"line":25,"column":6}},"type":"if","locations":[{"start":{"line":23,"column":5},"end":{"line":25,"column":6}},{"start":{},"end":{}}]}},"s":{"0":1,"1":1,"2":7,"3":7,"4":2,"5":2,"6":2,"7":2,"8":2,"9":1,"10":1,"11":1,"12":1,"13":1,"14":1,"15":6,"16":1},"f":{"0":1,"1":7},"b":{"0":[2,5],"1":[2,0],"2":[2,2],"3":[1,0],"4":[1,0]}}
,"C:\\Users\\JV13\\Desktop\\Projects\\dashboard-api\\src\\common\\middleware\\validate.middleware.ts": {"path":"C:\\Users\\JV13\\Desktop\\Projects\\dashboard-api\\src\\common\\middleware\\validate.middleware.ts","statementMap":{"0":{"start":{"line":2,"column":0},"end":{"line":2,"column":49}},"1":{"start":{"line":3,"column":0},"end":{"line":3,"column":60}},"2":{"start":{"line":9,"column":28},"end":{"line":9,"column":69}},"3":{"start":{"line":12,"column":19},"end":{"line":12,"column":59}},"4":{"start":{"line":13,"column":2},"end":{"line":19,"column":5}},"5":{"start":{"line":14,"column":3},"end":{"line":18,"column":4}},"6":{"start":{"line":15,"column":4},"end":{"line":15,"column":33}},"7":{"start":{"line":17,"column":4},"end":{"line":17,"column":11}},"8":{"start":{"line":8,"column":0},"end":{"line":8,"column":13}}},"fnMap":{"0":{"name":"(anonymous_0)","decl":{"start":{"line":9,"column":1},"end":{"line":9,"column":28}},"loc":{"start":{"line":9,"column":69},"end":{"line":9,"column":73}}},"1":{"name":"(anonymous_1)","decl":{"start":{"line":11,"column":8},"end":{"line":11,"column":15}},"loc":{"start":{"line":11,"column":68},"end":{"line":20,"column":2}}},"2":{"name":"(anonymous_2)","decl":{"start":{"line":13,"column":26},"end":{"line":13,"column":27}},"loc":{"start":{"line":13,"column":56},"end":{"line":19,"column":3}}}},"branchMap":{"0":{"loc":{"start":{"line":14,"column":3},"end":{"line":18,"column":4}},"type":"if","locations":[{"start":{"line":14,"column":3},"end":{"line":18,"column":4}},{"start":{"line":16,"column":10},"end":{"line":18,"column":4}}]}},"s":{"0":1,"1":1,"2":2,"3":5,"4":5,"5":5,"6":1,"7":4,"8":1},"f":{"0":2,"1":5,"2":5},"b":{"0":[1,4]}}
,"C:\\Users\\JV13\\Desktop\\Projects\\dashboard-api\\src\\controller\\users.controller.ts": {"path":"C:\\Users\\JV13\\Desktop\\Projects\\dashboard-api\\src\\controller\\users.controller.ts","statementMap":{"0":{"start":{"line":2,"column":0},"end":{"line":2,"column":47}},"1":{"start":{"line":3,"column":0},"end":{"line":3,"column":31}},"2":{"start":{"line":5,"column":0},"end":{"line":5,"column":26}},"3":{"start":{"line":7,"column":0},"end":{"line":7,"column":57}},"4":{"start":{"line":8,"column":0},"end":{"line":8,"column":53}},"5":{"start":{"line":9,"column":0},"end":{"line":9,"column":76}},"6":{"start":{"line":10,"column":0},"end":{"line":10,"column":52}},"7":{"start":{"line":11,"column":0},"end":{"line":11,"column":55}},"8":{"start":{"line":17,"column":0},"end":{"line":17,"column":54}},"9":{"start":{"line":18,"column":0},"end":{"line":18,"column":60}},"10":{"start":{"line":21,"column":7},"end":{"line":102,"column":null}},"11":{"start":{"line":27,"column":2},"end":{"line":27,"column":23}},"12":{"start":{"line":23,"column":33},"end":{"line":23,"column":62}},"13":{"start":{"line":24,"column":38},"end":{"line":24,"column":65}},"14":{"start":{"line":25,"column":39},"end":{"line":25,"column":68}},"15":{"start":{"line":29,"column":2},"end":{"line":48,"column":5}},"16":{"start":{"line":56,"column":2},"end":{"line":75,"column":3}},"17":{"start":{"line":57,"column":31},"end":{"line":57,"column":39}},"18":{"start":{"line":58,"column":3},"end":{"line":60,"column":4}},"19":{"start":{"line":59,"column":4},"end":{"line":59,"column":69}},"20":{"start":{"line":62,"column":19},"end":{"line":62,"column":65}},"21":{"start":{"line":63,"column":3},"end":{"line":65,"column":4}},"22":{"start":{"line":64,"column":4},"end":{"line":64,"column":60}},"23":{"start":{"line":67,"column":18},"end":{"line":67,"column":62}},"24":{"start":{"line":68,"column":15},"end":{"line":68,"column":57}},"25":{"start":{"line":69,"column":3},"end":{"line":69,"column":25}},"26":{"start":{"line":71,"column":3},"end":{"line":73,"column":4}},"27":{"start":{"line":72,"column":4},"end":{"line":72,"column":23}},"28":{"start":{"line":74,"column":3},"end":{"line":74,"column":90}},"29":{"start":{"line":83,"column":17},"end":{"line":83,"column":57}},"30":{"start":{"line":84,"column":2},"end":{"line":84,"column":22}},"31":{"start":{"line":85,"column":2},"end":{"line":87,"column":3}},"32":{"start":{"line":86,"column":3},"end":{"line":86,"column":84}},"33":{"start":{"line":88,"column":2},"end":{"line":88,"column":55}},"34":{"start":{"line":92,"column":16},"end":{"line":92,"column":68}},"35":{"start":{"line":93,"column":19},"end":{"line":93,"column":61}},"36":{"start":{"line":94,"column":2},"end":{"line":94,"column":83}},"37":{"start":{"line":98,"column":2},"end":{"line":100,"column":5}},"38":{"start":{"line":21,"column":13},"end":{"line":21,"column":28}},"39":{"start":{"line":21,"column":13},"end":{"line":102,"column":null}}},"fnMap":{"0":{"name":"(anonymous_5)","decl":{"start":{"line":22,"column":1},"end":{"line":22,"column":null}},"loc":{"start":{"line":25,"column":68},"end":{"line":49,"column":2}}},"1":{"name":"(anonymous_6)","decl":{"start":{"line":51,"column":8},"end":{"line":51,"column":13}},"loc":{"start":{"line":54,"column":20},"end":{"line":76,"column":2}}},"2":{"name":"(anonymous_7)","decl":{"start":{"line":78,"column":8},"end":{"line":78,"column":13}},"loc":{"start":{"line":81,"column":20},"end":{"line":89,"column":2}}},"3":{"name":"(anonymous_8)","decl":{"start":{"line":91,"column":8},"end":{"line":91,"column":13}},"loc":{"start":{"line":91,"column":71},"end":{"line":95,"column":2}}},"4":{"name":"(anonymous_9)","decl":{"start":{"line":97,"column":9},"end":{"line":97,"column":16}},"loc":{"start":{"line":97,"column":46},"end":{"line":101,"column":2}}}},"branchMap":{"0":{"loc":{"start":{"line":58,"column":3},"end":{"line":60,"column":4}},"type":"if","locations":[{"start":{"line":58,"column":3},"end":{"line":60,"column":4}},{"start":{},"end":{}}]},"1":{"loc":{"start":{"line":58,"column":7},"end":{"line":58,"column":26}},"type":"binary-expr","locations":[{"start":{"line":58,"column":7},"end":{"line":58,"column":13}},{"start":{"line":58,"column":17},"end":{"line":58,"column":26}}]},"2":{"loc":{"start":{"line":63,"column":3},"end":{"line":65,"column":4}},"type":"if","locations":[{"start":{"line":63,"column":3},"end":{"line":65,"column":4}},{"start":{},"end":{}}]},"3":{"loc":{"start":{"line":71,"column":3},"end":{"line":73,"column":4}},"type":"if","locations":[{"start":{"line":71,"column":3},"end":{"line":73,"column":4}},{"start":{},"end":{}}]},"4":{"loc":{"start":{"line":85,"column":2},"end":{"line":87,"column":3}},"type":"if","locations":[{"start":{"line":85,"column":2},"end":{"line":87,"column":3}},{"start":{},"end":{}}]},"5":{"loc":{"start":{"line":92,"column":16},"end":{"line":92,"column":68}},"type":"cond-expr","locations":[{"start":{"line":92,"column":51},"end":{"line":92,"column":61}},{"start":{"line":92,"column":64},"end":{"line":92,"column":68}}]},"6":{"loc":{"start":{"line":92,"column":16},"end":{"line":92,"column":48}},"type":"binary-expr","locations":[{"start":{"line":92,"column":16},"end":{"line":92,"column":20}},{"start":{"line":92,"column":24},"end":{"line":92,"column":48}}]}},"s":{"0":1,"1":1,"2":1,"3":1,"4":1,"5":1,"6":1,"7":1,"8":1,"9":1,"10":1,"11":1,"12":1,"13":1,"14":1,"15":1,"16":4,"17":4,"18":4,"19":0,"20":4,"21":4,"22":1,"23":3,"24":3,"25":3,"26":1,"27":1,"28":0,"29":0,"30":0,"31":0,"32":0,"33":0,"34":1,"35":1,"36":1,"37":3,"38":1,"39":1},"f":{"0":1,"1":4,"2":0,"3":1,"4":3},"b":{"0":[0,4],"1":[4,4],"2":[1,3],"3":[1,0],"4":[0,0],"5":[1,0],"6":[1,1]}}
,"C:\\Users\\JV13\\Desktop\\Projects\\dashboard-api\\src\\controller\\dto\\users-login.dto.ts": {"path":"C:\\Users\\JV13\\Desktop\\Projects\\dashboard-api\\src\\controller\\dto\\users-login.dto.ts","statementMap":{"0":{"start":{"line":1,"column":0},"end":{"line":1,"column":52}},"1":{"start":{"line":3,"column":0},"end":{"line":3,"column":13}},"2":{"start":{"line":5,"column":1},"end":{"line":5,"column":null}},"3":{"start":{"line":8,"column":1},"end":{"line":8,"column":null}}},"fnMap":{},"branchMap":{},"s":{"0":1,"1":1,"2":1,"3":1},"f":{},"b":{}}
,"C:\\Users\\JV13\\Desktop\\Projects\\dashboard-api\\src\\controller\\dto\\users-register.dto.ts": {"path":"C:\\Users\\JV13\\Desktop\\Projects\\dashboard-api\\src\\controller\\dto\\users-register.dto.ts","statementMap":{"0":{"start":{"line":1,"column":0},"end":{"line":1,"column":52}},"1":{"start":{"line":3,"column":0},"end":{"line":3,"column":13}},"2":{"start":{"line":5,"column":1},"end":{"line":5,"column":null}},"3":{"start":{"line":8,"column":1},"end":{"line":8,"column":null}},"4":{"start":{"line":11,"column":1},"end":{"line":11,"column":null}}},"fnMap":{},"branchMap":{},"s":{"0":1,"1":1,"2":1,"3":1,"4":1},"f":{},"b":{}}
,"C:\\Users\\JV13\\Desktop\\Projects\\dashboard-api\\src\\controller\\entity\\user.entity.ts": {"path":"C:\\Users\\JV13\\Desktop\\Projects\\dashboard-api\\src\\controller\\entity\\user.entity.ts","statementMap":{"0":{"start":{"line":1,"column":0},"end":{"line":1,"column":41}},"1":{"start":{"line":7,"column":19},"end":{"line":7,"column":33}},"2":{"start":{"line":8,"column":19},"end":{"line":8,"column":32}},"3":{"start":{"line":9,"column":19},"end":{"line":9,"column":41}},"4":{"start":{"line":11,"column":2},"end":{"line":13,"column":3}},"5":{"start":{"line":12,"column":3},"end":{"line":12,"column":34}},"6":{"start":{"line":17,"column":2},"end":{"line":17,"column":21}},"7":{"start":{"line":21,"column":2},"end":{"line":21,"column":20}},"8":{"start":{"line":25,"column":2},"end":{"line":25,"column":24}},"9":{"start":{"line":29,"column":2},"end":{"line":29,"column":42}},"10":{"start":{"line":33,"column":2},"end":{"line":33,"column":45}},"11":{"start":{"line":3,"column":0},"end":{"line":3,"column":13}}},"fnMap":{"0":{"name":"(anonymous_0)","decl":{"start":{"line":6,"column":1},"end":{"line":6,"column":null}},"loc":{"start":{"line":9,"column":41},"end":{"line":14,"column":2}}},"1":{"name":"(anonymous_1)","decl":{"start":{"line":16,"column":1},"end":{"line":16,"column":12}},"loc":{"start":{"line":16,"column":17},"end":{"line":18,"column":2}}},"2":{"name":"(anonymous_2)","decl":{"start":{"line":20,"column":1},"end":{"line":20,"column":12}},"loc":{"start":{"line":20,"column":16},"end":{"line":22,"column":2}}},"3":{"name":"(anonymous_3)","decl":{"start":{"line":24,"column":1},"end":{"line":24,"column":12}},"loc":{"start":{"line":24,"column":20},"end":{"line":26,"column":2}}},"4":{"name":"(anonymous_4)","decl":{"start":{"line":28,"column":8},"end":{"line":28,"column":13}},"loc":{"start":{"line":28,"column":52},"end":{"line":30,"column":2}}},"5":{"name":"(anonymous_5)","decl":{"start":{"line":32,"column":8},"end":{"line":32,"column":13}},"loc":{"start":{"line":32,"column":42},"end":{"line":34,"column":2}}}},"branchMap":{"0":{"loc":{"start":{"line":11,"column":2},"end":{"line":13,"column":3}},"type":"if","locations":[{"start":{"line":11,"column":2},"end":{"line":13,"column":3}},{"start":{},"end":{}}]}},"s":{"0":1,"1":4,"2":4,"3":4,"4":4,"5":4,"6":0,"7":0,"8":0,"9":0,"10":4,"11":1},"f":{"0":4,"1":0,"2":0,"3":0,"4":0,"5":4},"b":{"0":[4,0]}}
,"C:\\Users\\JV13\\Desktop\\Projects\\dashboard-api\\src\\controller\\repositories\\users.repository.ts": {"path":"C:\\Users\\JV13\\Desktop\\Projects\\dashboard-api\\src\\controller\\repositories\\users.repository.ts","statementMap":{"0":{"start":{"line":1,"column":0},"end":{"line":1,"column":47}},"1":{"start":{"line":5,"column":0},"end":{"line":5,"column":52}},"2":{"start":{"line":11,"column":7},"end":{"line":31,"column":null}},"3":{"start":{"line":12,"column":57},"end":{"line":12,"column":85}},"4":{"start":{"line":15,"column":2},"end":{"line":21,"column":5}},"5":{"start":{"line":25,"column":2},"end":{"line":29,"column":5}},"6":{"start":{"line":11,"column":13},"end":{"line":11,"column":28}},"7":{"start":{"line":11,"column":13},"end":{"line":31,"column":null}}},"fnMap":{"0":{"name":"(anonymous_4)","decl":{"start":{"line":12,"column":1},"end":{"line":12,"column":21}},"loc":{"start":{"line":12,"column":85},"end":{"line":12,"column":89}}},"1":{"name":"(anonymous_5)","decl":{"start":{"line":14,"column":8},"end":{"line":14,"column":13}},"loc":{"start":{"line":14,"column":58},"end":{"line":22,"column":2}}},"2":{"name":"(anonymous_6)","decl":{"start":{"line":24,"column":8},"end":{"line":24,"column":13}},"loc":{"start":{"line":24,"column":32},"end":{"line":30,"column":2}}}},"branchMap":{},"s":{"0":1,"1":1,"2":1,"3":1,"4":0,"5":5,"6":1,"7":1},"f":{"0":1,"1":0,"2":5},"b":{}}
,"C:\\Users\\JV13\\Desktop\\Projects\\dashboard-api\\src\\database\\prisma.service.ts": {"path":"C:\\Users\\JV13\\Desktop\\Projects\\dashboard-api\\src\\database\\prisma.service.ts","statementMap":{"0":{"start":{"line":1,"column":0},"end":{"line":1,"column":47}},"1":{"start":{"line":3,"column":0},"end":{"line":3,"column":52}},"2":{"start":{"line":5,"column":0},"end":{"line":5,"column":54}},"3":{"start":{"line":6,"column":0},"end":{"line":6,"column":46}},"4":{"start":{"line":9,"column":7},"end":{"line":38,"column":null}},"5":{"start":{"line":12,"column":51},"end":{"line":12,"column":80}},"6":{"start":{"line":13,"column":14},"end":{"line":13,"column":38}},"7":{"start":{"line":14,"column":2},"end":{"line":16,"column":3}},"8":{"start":{"line":15,"column":3},"end":{"line":15,"column":65}},"9":{"start":{"line":18,"column":18},"end":{"line":18,"column":43}},"10":{"start":{"line":19,"column":2},"end":{"line":19,"column":46}},"11":{"start":{"line":23,"column":2},"end":{"line":32,"column":3}},"12":{"start":{"line":24,"column":3},"end":{"line":24,"column":32}},"13":{"start":{"line":25,"column":3},"end":{"line":25,"column":81}},"14":{"start":{"line":27,"column":3},"end":{"line":31,"column":4}},"15":{"start":{"line":28,"column":4},"end":{"line":30,"column":6}},"16":{"start":{"line":36,"column":2},"end":{"line":36,"column":34}},"17":{"start":{"line":9,"column":13},"end":{"line":9,"column":26}},"18":{"start":{"line":9,"column":13},"end":{"line":38,"column":null}}},"fnMap":{"0":{"name":"(anonymous_4)","decl":{"start":{"line":12,"column":1},"end":{"line":12,"column":21}},"loc":{"start":{"line":12,"column":80},"end":{"line":20,"column":2}}},"1":{"name":"(anonymous_5)","decl":{"start":{"line":22,"column":8},"end":{"line":22,"column":13}},"loc":{"start":{"line":22,"column":21},"end":{"line":33,"column":2}}},"2":{"name":"(anonymous_6)","decl":{"start":{"line":35,"column":8},"end":{"line":35,"column":13}},"loc":{"start":{"line":35,"column":24},"end":{"line":37,"column":2}}}},"branchMap":{"0":{"loc":{"start":{"line":14,"column":2},"end":{"line":16,"column":3}},"type":"if","locations":[{"start":{"line":14,"column":2},"end":{"line":16,"column":3}},{"start":{},"end":{}}]},"1":{"loc":{"start":{"line":27,"column":3},"end":{"line":31,"column":4}},"type":"if","locations":[{"start":{"line":27,"column":3},"end":{"line":31,"column":4}},{"start":{},"end":{}}]}},"s":{"0":1,"1":1,"2":1,"3":1,"4":1,"5":1,"6":1,"7":1,"8":0,"9":1,"10":1,"11":1,"12":1,"13":1,"14":0,"15":0,"16":1,"17":1,"18":1},"f":{"0":1,"1":1,"2":1},"b":{"0":[0,1],"1":[0,0]}}
,"C:\\Users\\JV13\\Desktop\\Projects\\dashboard-api\\src\\decorators\\property.decorator.ts": {"path":"C:\\Users\\JV13\\Desktop\\Projects\\dashboard-api\\src\\decorators\\property.decorator.ts","statementMap":{"0":{"start":{"line":1,"column":0},"end":{"line":1,"column":16}},"1":{"start":{"line":2,"column":1},"end":{"line":4,"column":3}},"2":{"start":{"line":3,"column":2},"end":{"line":3,"column":32}}},"fnMap":{"0":{"name":"Prop","decl":{"start":{"line":1,"column":16},"end":{"line":1,"column":20}},"loc":{"start":{"line":1,"column":20},"end":{"line":5,"column":1}}},"1":{"name":"(anonymous_1)","decl":{"start":{"line":2,"column":8},"end":{"line":2,"column":18}},"loc":{"start":{"line":2,"column":53},"end":{"line":4,"column":2}}}},"branchMap":{"0":{"loc":{"start":{"line":3,"column":9},"end":{"line":3,"column":31}},"type":"cond-expr","locations":[{"start":{"line":3,"column":18},"end":{"line":3,"column":24}},{"start":{"line":3,"column":27},"end":{"line":3,"column":31}}]}},"s":{"0":1,"1":4,"2":4},"f":{"0":4,"1":4},"b":{"0":[4,0]}}
,"C:\\Users\\JV13\\Desktop\\Projects\\dashboard-api\\src\\helpers\\consts\\types.const.ts": {"path":"C:\\Users\\JV13\\Desktop\\Projects\\dashboard-api\\src\\helpers\\consts\\types.const.ts","statementMap":{"0":{"start":{"line":1,"column":13},"end":{"line":10,"column":2}}},"fnMap":{},"branchMap":{},"s":{"0":1},"f":{},"b":{}}
,"C:\\Users\\JV13\\Desktop\\Projects\\dashboard-api\\src\\helpers\\errors\\exception-filter.error.ts": {"path":"C:\\Users\\JV13\\Desktop\\Projects\\dashboard-api\\src\\helpers\\errors\\exception-filter.error.ts","statementMap":{"0":{"start":{"line":2,"column":0},"end":{"line":2,"column":47}},"1":{"start":{"line":4,"column":0},"end":{"line":4,"column":26}},"2":{"start":{"line":9,"column":0},"end":{"line":9,"column":49}},"3":{"start":{"line":10,"column":0},"end":{"line":10,"column":44}},"4":{"start":{"line":13,"column":7},"end":{"line":25,"column":null}},"5":{"start":{"line":14,"column":51},"end":{"line":14,"column":80}},"6":{"start":{"line":17,"column":2},"end":{"line":23,"column":3}},"7":{"start":{"line":18,"column":3},"end":{"line":18,"column":90}},"8":{"start":{"line":19,"column":3},"end":{"line":19,"column":57}},"9":{"start":{"line":21,"column":3},"end":{"line":21,"column":46}},"10":{"start":{"line":22,"column":3},"end":{"line":22,"column":46}},"11":{"start":{"line":13,"column":13},"end":{"line":13,"column":33}},"12":{"start":{"line":13,"column":13},"end":{"line":25,"column":null}}},"fnMap":{"0":{"name":"(anonymous_4)","decl":{"start":{"line":14,"column":1},"end":{"line":14,"column":21}},"loc":{"start":{"line":14,"column":80},"end":{"line":14,"column":84}}},"1":{"name":"(anonymous_5)","decl":{"start":{"line":16,"column":1},"end":{"line":16,"column":6}},"loc":{"start":{"line":16,"column":78},"end":{"line":24,"column":2}}}},"branchMap":{"0":{"loc":{"start":{"line":17,"column":2},"end":{"line":23,"column":3}},"type":"if","locations":[{"start":{"line":17,"column":2},"end":{"line":23,"column":3}},{"start":{"line":20,"column":9},"end":{"line":23,"column":3}}]}},"s":{"0":1,"1":1,"2":1,"3":1,"4":1,"5":1,"6":1,"7":1,"8":1,"9":0,"10":0,"11":1,"12":1},"f":{"0":1,"1":1},"b":{"0":[1,0]}}
,"C:\\Users\\JV13\\Desktop\\Projects\\dashboard-api\\src\\helpers\\errors\\http.error.ts": {"path":"C:\\Users\\JV13\\Desktop\\Projects\\dashboard-api\\src\\helpers\\errors\\http.error.ts","statementMap":{"0":{"start":{"line":1,"column":0},"end":{"line":1,"column":26}},"1":{"start":{"line":3,"column":0},"end":{"line":3,"column":54}},"2":{"start":{"line":4,"column":0},"end":{"line":4,"column":42}},"3":{"start":{"line":7,"column":7},"end":{"line":25,"column":null}},"4":{"start":{"line":18,"column":2},"end":{"line":18,"column":17}},"5":{"start":{"line":19,"column":2},"end":{"line":19,"column":31}},"6":{"start":{"line":20,"column":2},"end":{"line":20,"column":26}},"7":{"start":{"line":21,"column":2},"end":{"line":23,"column":3}},"8":{"start":{"line":22,"column":3},"end":{"line":22,"column":26}},"9":{"start":{"line":7,"column":13},"end":{"line":7,"column":22}},"10":{"start":{"line":9,"column":8},"end":{"line":9,"column":null}},"11":{"start":{"line":12,"column":8},"end":{"line":12,"column":null}},"12":{"start":{"line":15,"column":8},"end":{"line":15,"column":null}},"13":{"start":{"line":7,"column":13},"end":{"line":25,"column":null}}},"fnMap":{"0":{"name":"(anonymous_2)","decl":{"start":{"line":17,"column":1},"end":{"line":17,"column":20}},"loc":{"start":{"line":17,"column":73},"end":{"line":24,"column":2}}}},"branchMap":{"0":{"loc":{"start":{"line":21,"column":2},"end":{"line":23,"column":3}},"type":"if","locations":[{"start":{"line":21,"column":2},"end":{"line":23,"column":3}},{"start":{},"end":{}}]}},"s":{"0":1,"1":1,"2":1,"3":1,"4":1,"5":1,"6":1,"7":1,"8":1,"9":1,"10":1,"11":1,"12":1,"13":1},"f":{"0":1},"b":{"0":[1,0]}}
,"C:\\Users\\JV13\\Desktop\\Projects\\dashboard-api\\src\\metadata\\metadata.ts": {"path":"C:\\Users\\JV13\\Desktop\\Projects\\dashboard-api\\src\\metadata\\metadata.ts","statementMap":{"0":{"start":{"line":3,"column":0},"end":{"line":3,"column":16}},"1":{"start":{"line":1,"column":0},"end":{"line":1,"column":26}},"2":{"start":{"line":4,"column":1},"end":{"line":4,"column":40}},"3":{"start":{"line":5,"column":14},"end":{"line":5,"column":46}},"4":{"start":{"line":6,"column":1},"end":{"line":6,"column":19}}},"fnMap":{"0":{"name":"Meta","decl":{"start":{"line":3,"column":16},"end":{"line":3,"column":20}},"loc":{"start":{"line":3,"column":37},"end":{"line":7,"column":1}}}},"branchMap":{},"s":{"0":1,"1":1,"2":1,"3":1,"4":1},"f":{"0":1},"b":{}}
,"C:\\Users\\JV13\\Desktop\\Projects\\dashboard-api\\src\\service\\config\\config.service.ts": {"path":"C:\\Users\\JV13\\Desktop\\Projects\\dashboard-api\\src\\service\\config\\config.service.ts","statementMap":{"0":{"start":{"line":1,"column":0},"end":{"line":1,"column":81}},"1":{"start":{"line":2,"column":0},"end":{"line":2,"column":47}},"2":{"start":{"line":4,"column":0},"end":{"line":4,"column":52}},"3":{"start":{"line":9,"column":7},"end":{"line":26,"column":null}},"4":{"start":{"line":11,"column":51},"end":{"line":11,"column":80}},"5":{"start":{"line":12,"column":37},"end":{"line":12,"column":45}},"6":{"start":{"line":13,"column":2},"end":{"line":20,"column":3}},"7":{"start":{"line":14,"column":3},"end":{"line":16,"column":5}},"8":{"start":{"line":18,"column":3},"end":{"line":18,"column":74}},"9":{"start":{"line":19,"column":3},"end":{"line":19,"column":52}},"10":{"start":{"line":24,"column":2},"end":{"line":24,"column":31}},"11":{"start":{"line":9,"column":13},"end":{"line":9,"column":26}},"12":{"start":{"line":9,"column":13},"end":{"line":26,"column":null}}},"fnMap":{"0":{"name":"(anonymous_4)","decl":{"start":{"line":11,"column":1},"end":{"line":11,"column":21}},"loc":{"start":{"line":11,"column":80},"end":{"line":21,"column":2}}},"1":{"name":"(anonymous_5)","decl":{"start":{"line":23,"column":8},"end":{"line":23,"column":11}},"loc":{"start":{"line":23,"column":50},"end":{"line":25,"column":2}}}},"branchMap":{"0":{"loc":{"start":{"line":13,"column":2},"end":{"line":20,"column":3}},"type":"if","locations":[{"start":{"line":13,"column":2},"end":{"line":20,"column":3}},{"start":{"line":17,"column":9},"end":{"line":20,"column":3}}]}},"s":{"0":1,"1":1,"2":1,"3":1,"4":1,"5":1,"6":1,"7":0,"8":1,"9":1,"10":5,"11":1,"12":1},"f":{"0":1,"1":5},"b":{"0":[0,1]}}
,"C:\\Users\\JV13\\Desktop\\Projects\\dashboard-api\\src\\service\\logger\\logger.service.ts": {"path":"C:\\Users\\JV13\\Desktop\\Projects\\dashboard-api\\src\\service\\logger\\logger.service.ts","statementMap":{"0":{"start":{"line":1,"column":0},"end":{"line":1,"column":39}},"1":{"start":{"line":2,"column":0},"end":{"line":2,"column":66}},"2":{"start":{"line":4,"column":0},"end":{"line":4,"column":26}},"3":{"start":{"line":9,"column":7},"end":{"line":33,"column":null}},"4":{"start":{"line":13,"column":2},"end":{"line":19,"column":32}},"5":{"start":{"line":23,"column":2},"end":{"line":23,"column":28}},"6":{"start":{"line":27,"column":2},"end":{"line":27,"column":29}},"7":{"start":{"line":31,"column":2},"end":{"line":31,"column":28}},"8":{"start":{"line":9,"column":13},"end":{"line":9,"column":26}},"9":{"start":{"line":9,"column":13},"end":{"line":33,"column":null}}},"fnMap":{"0":{"name":"(anonymous_2)","decl":{"start":{"line":12,"column":1},"end":{"line":12,"column":null}},"loc":{"start":{"line":12,"column":1},"end":{"line":20,"column":2}}},"1":{"name":"(anonymous_3)","decl":{"start":{"line":22,"column":8},"end":{"line":22,"column":11}},"loc":{"start":{"line":22,"column":30},"end":{"line":24,"column":2}}},"2":{"name":"(anonymous_4)","decl":{"start":{"line":26,"column":8},"end":{"line":26,"column":13}},"loc":{"start":{"line":26,"column":32},"end":{"line":28,"column":2}}},"3":{"name":"(anonymous_5)","decl":{"start":{"line":30,"column":8},"end":{"line":30,"column":12}},"loc":{"start":{"line":30,"column":31},"end":{"line":32,"column":2}}}},"branchMap":{},"s":{"0":1,"1":1,"2":1,"3":1,"4":1,"5":4,"6":1,"7":0,"8":1,"9":1},"f":{"0":1,"1":4,"2":1,"3":0},"b":{}}
,"C:\\Users\\JV13\\Desktop\\Projects\\dashboard-api\\src\\service\\users\\users.service.ts": {"path":"C:\\Users\\JV13\\Desktop\\Projects\\dashboard-api\\src\\service\\users\\users.service.ts","statementMap":{"0":{"start":{"line":1,"column":0},"end":{"line":1,"column":47}},"1":{"start":{"line":5,"column":0},"end":{"line":5,"column":60}},"2":{"start":{"line":7,"column":0},"end":{"line":7,"column":52}},"3":{"start":{"line":13,"column":7},"end":{"line":53,"column":null}},"4":{"start":{"line":16,"column":10},"end":{"line":16,"column":39}},"5":{"start":{"line":18,"column":10},"end":{"line":18,"column":43}},"6":{"start":{"line":26,"column":18},"end":{"line":26,"column":45}},"7":{"start":{"line":27,"column":15},"end":{"line":27,"column":53}},"8":{"start":{"line":28,"column":2},"end":{"line":28,"column":52}},"9":{"start":{"line":29,"column":22},"end":{"line":29,"column":60}},"10":{"start":{"line":30,"column":2},"end":{"line":32,"column":3}},"11":{"start":{"line":31,"column":3},"end":{"line":31,"column":15}},"12":{"start":{"line":33,"column":2},"end":{"line":33,"column":46}},"13":{"start":{"line":37,"column":22},"end":{"line":37,"column":60}},"14":{"start":{"line":38,"column":2},"end":{"line":47,"column":3}},"15":{"start":{"line":39,"column":3},"end":{"line":39,"column":16}},"16":{"start":{"line":41,"column":19},"end":{"line":44,"column":null}},"17":{"start":{"line":46,"column":3},"end":{"line":46,"column":44}},"18":{"start":{"line":51,"column":2},"end":{"line":51,"column":48}},"19":{"start":{"line":13,"column":13},"end":{"line":13,"column":25}},"20":{"start":{"line":13,"column":13},"end":{"line":53,"column":null}}},"fnMap":{"0":{"name":"(anonymous_4)","decl":{"start":{"line":14,"column":1},"end":{"line":14,"column":null}},"loc":{"start":{"line":18,"column":43},"end":{"line":19,"column":5}}},"1":{"name":"(anonymous_5)","decl":{"start":{"line":21,"column":8},"end":{"line":21,"column":13}},"loc":{"start":{"line":25,"column":20},"end":{"line":34,"column":2}}},"2":{"name":"(anonymous_6)","decl":{"start":{"line":36,"column":8},"end":{"line":36,"column":13}},"loc":{"start":{"line":36,"column":61},"end":{"line":48,"column":2}}},"3":{"name":"(anonymous_7)","decl":{"start":{"line":50,"column":8},"end":{"line":50,"column":13}},"loc":{"start":{"line":50,"column":39},"end":{"line":52,"column":2}}}},"branchMap":{"0":{"loc":{"start":{"line":30,"column":2},"end":{"line":32,"column":3}},"type":"if","locations":[{"start":{"line":30,"column":2},"end":{"line":32,"column":3}},{"start":{},"end":{}}]},"1":{"loc":{"start":{"line":38,"column":2},"end":{"line":47,"column":3}},"type":"if","locations":[{"start":{"line":38,"column":2},"end":{"line":47,"column":3}},{"start":{"line":40,"column":9},"end":{"line":47,"column":3}}]}},"s":{"0":1,"1":1,"2":1,"3":1,"4":1,"5":1,"6":0,"7":0,"8":0,"9":0,"10":0,"11":0,"12":0,"13":4,"14":4,"15":0,"16":4,"17":4,"18":1,"19":1,"20":1},"f":{"0":1,"1":0,"2":4,"3":1},"b":{"0":[0,0],"1":[0,4]}}
}
