TN:
SF:src\app.ts
FN:21,(anonymous_5)
FN:36,(anonymous_6)
FN:41,(anonymous_7)
FN:45,(anonymous_8)
FN:49,(anonymous_9)
FN:58,(anonymous_10)
FNF:6
FNH:6
FNDA:1,(anonymous_5)
FNDA:1,(anonymous_6)
FNDA:1,(anonymous_7)
FNDA:1,(anonymous_8)
FNDA:1,(anonymous_9)
FNDA:1,(anonymous_10)
DA:1,1
DA:3,1
DA:5,1
DA:7,1
DA:10,1
DA:16,1
DA:22,1
DA:23,1
DA:25,1
DA:27,1
DA:29,1
DA:31,1
DA:32,1
DA:33,1
DA:37,1
DA:38,1
DA:42,1
DA:46,1
DA:50,1
DA:51,1
DA:52,1
DA:53,1
DA:54,1
DA:55,1
DA:59,1
DA:60,1
DA:61,1
LF:27
LH:27
BRF:0
BRH:0
end_of_record
TN:
SF:src\main.ts
FN:22,(anonymous_0)
FN:33,bootstrap
FNF:2
FNH:2
FNDA:1,(anonymous_0)
FNDA:1,bootstrap
DA:1,1
DA:3,1
DA:5,1
DA:6,1
DA:7,1
DA:8,1
DA:9,1
DA:16,1
DA:17,1
DA:18,1
DA:20,1
DA:22,1
DA:23,1
DA:24,1
DA:25,1
DA:26,1
DA:27,1
DA:28,1
DA:29,1
DA:30,1
DA:34,1
DA:35,1
DA:36,1
DA:37,1
DA:38,1
DA:40,1
LF:26
LH:26
BRF:0
BRH:0
end_of_record
TN:
SF:src\common\base.controller.ts
FN:18,(anonymous_4)
FN:22,(anonymous_5)
FN:26,(anonymous_6)
FN:31,(anonymous_7)
FN:35,(anonymous_8)
FN:39,(anonymous_9)
FN:41,(anonymous_10)
FNF:7
FNH:6
FNDA:1,(anonymous_4)
FNDA:4,(anonymous_5)
FNDA:4,(anonymous_6)
FNDA:4,(anonymous_7)
FNDA:0,(anonymous_8)
FNDA:1,(anonymous_9)
FNDA:3,(anonymous_10)
DA:1,1
DA:2,1
DA:4,1
DA:6,1
DA:7,1
DA:14,1
DA:16,1
DA:18,1
DA:19,1
DA:23,4
DA:27,4
DA:28,4
DA:32,4
DA:36,0
DA:40,1
DA:41,3
DA:42,3
DA:43,3
DA:44,3
LF:19
LH:18
BRDA:43,0,0,3
BRDA:43,0,1,0
BRDA:16,1,0,1
BRDA:16,1,1,0
BRDA:16,2,0,1
BRDA:16,2,1,1
BRF:6
BRH:4
end_of_record
TN:
SF:src\common\guard\auth.guard.ts
FN:6,(anonymous_0)
FNF:1
FNH:1
FNDA:2,(anonymous_0)
DA:5,1
DA:7,2
DA:8,1
DA:10,1
LF:4
LH:4
BRDA:7,0,0,1
BRDA:7,0,1,1
BRF:2
BRH:2
end_of_record
TN:
SF:src\common\middleware\auth.middleware.ts
FN:7,(anonymous_1)
FN:9,(anonymous_2)
FNF:2
FNH:2
FNDA:1,(anonymous_1)
FNDA:7,(anonymous_2)
DA:2,1
DA:6,1
DA:7,1
DA:10,7
DA:11,7
DA:12,2
DA:13,2
DA:14,2
DA:15,2
DA:16,2
DA:17,1
DA:18,1
DA:19,1
DA:21,1
DA:23,1
DA:24,1
DA:29,6
LF:17
LH:17
BRDA:11,0,0,2
BRDA:11,0,1,5
BRDA:13,1,0,2
BRDA:13,1,1,0
BRDA:13,2,0,2
BRDA:13,2,1,2
BRDA:17,3,0,1
BRDA:17,3,1,0
BRDA:23,4,0,1
BRDA:23,4,1,0
BRF:10
BRH:7
end_of_record
TN:
SF:src\common\middleware\validate.middleware.ts
FN:9,(anonymous_0)
FN:11,(anonymous_1)
FN:13,(anonymous_2)
FNF:3
FNH:3
FNDA:2,(anonymous_0)
FNDA:5,(anonymous_1)
FNDA:5,(anonymous_2)
DA:2,1
DA:3,1
DA:8,1
DA:9,2
DA:12,5
DA:13,5
DA:14,5
DA:15,1
DA:17,4
LF:9
LH:9
BRDA:14,0,0,1
BRDA:14,0,1,4
BRF:2
BRH:2
end_of_record
TN:
SF:src\controller\users.controller.ts
FN:22,(anonymous_5)
FN:51,(anonymous_6)
FN:78,(anonymous_7)
FN:91,(anonymous_8)
FN:97,(anonymous_9)
FNF:5
FNH:4
FNDA:1,(anonymous_5)
FNDA:4,(anonymous_6)
FNDA:0,(anonymous_7)
FNDA:1,(anonymous_8)
FNDA:3,(anonymous_9)
DA:2,1
DA:3,1
DA:5,1
DA:7,1
DA:8,1
DA:9,1
DA:10,1
DA:11,1
DA:17,1
DA:18,1
DA:21,1
DA:23,1
DA:24,1
DA:25,1
DA:27,1
DA:29,1
DA:56,4
DA:57,4
DA:58,4
DA:59,0
DA:62,4
DA:63,4
DA:64,1
DA:67,3
DA:68,3
DA:69,3
DA:71,1
DA:72,1
DA:74,0
DA:83,0
DA:84,0
DA:85,0
DA:86,0
DA:88,0
DA:92,1
DA:93,1
DA:94,1
DA:98,3
LF:38
LH:31
BRDA:58,0,0,0
BRDA:58,0,1,4
BRDA:58,1,0,4
BRDA:58,1,1,4
BRDA:63,2,0,1
BRDA:63,2,1,3
BRDA:71,3,0,1
BRDA:71,3,1,0
BRDA:85,4,0,0
BRDA:85,4,1,0
BRDA:92,5,0,1
BRDA:92,5,1,0
BRDA:92,6,0,1
BRDA:92,6,1,1
BRF:14
BRH:9
end_of_record
TN:
SF:src\controller\dto\users-login.dto.ts
FNF:0
FNH:0
DA:1,1
DA:3,1
DA:5,1
DA:8,1
LF:4
LH:4
BRF:0
BRH:0
end_of_record
TN:
SF:src\controller\dto\users-register.dto.ts
FNF:0
FNH:0
DA:1,1
DA:3,1
DA:5,1
DA:8,1
DA:11,1
LF:5
LH:5
BRF:0
BRH:0
end_of_record
TN:
SF:src\controller\entity\user.entity.ts
FN:6,(anonymous_0)
FN:16,(anonymous_1)
FN:20,(anonymous_2)
FN:24,(anonymous_3)
FN:28,(anonymous_4)
FN:32,(anonymous_5)
FNF:6
FNH:2
FNDA:4,(anonymous_0)
FNDA:0,(anonymous_1)
FNDA:0,(anonymous_2)
FNDA:0,(anonymous_3)
FNDA:0,(anonymous_4)
FNDA:4,(anonymous_5)
DA:1,1
DA:3,1
DA:7,4
DA:8,4
DA:9,4
DA:11,4
DA:12,4
DA:17,0
DA:21,0
DA:25,0
DA:29,0
DA:33,4
LF:12
LH:8
BRDA:11,0,0,4
BRDA:11,0,1,0
BRF:2
BRH:1
end_of_record
TN:
SF:src\controller\repositories\users.repository.ts
FN:12,(anonymous_4)
FN:14,(anonymous_5)
FN:24,(anonymous_6)
FNF:3
FNH:2
FNDA:1,(anonymous_4)
FNDA:0,(anonymous_5)
FNDA:5,(anonymous_6)
DA:1,1
DA:5,1
DA:11,1
DA:12,1
DA:15,0
DA:25,5
LF:6
LH:5
BRF:0
BRH:0
end_of_record
TN:
SF:src\database\prisma.service.ts
FN:12,(anonymous_4)
FN:22,(anonymous_5)
FN:35,(anonymous_6)
FNF:3
FNH:3
FNDA:1,(anonymous_4)
FNDA:1,(anonymous_5)
FNDA:1,(anonymous_6)
DA:1,1
DA:3,1
DA:5,1
DA:6,1
DA:9,1
DA:12,1
DA:13,1
DA:14,1
DA:15,0
DA:18,1
DA:19,1
DA:23,1
DA:24,1
DA:25,1
DA:27,0
DA:28,0
DA:36,1
LF:17
LH:14
BRDA:14,0,0,0
BRDA:14,0,1,1
BRDA:27,1,0,0
BRDA:27,1,1,0
BRF:4
BRH:1
end_of_record
TN:
SF:src\decorators\property.decorator.ts
FN:1,Prop
FN:2,(anonymous_1)
FNF:2
FNH:2
FNDA:4,Prop
FNDA:4,(anonymous_1)
DA:1,1
DA:2,4
DA:3,4
LF:3
LH:3
BRDA:3,0,0,4
BRDA:3,0,1,0
BRF:2
BRH:1
end_of_record
TN:
SF:src\helpers\consts\types.const.ts
FNF:0
FNH:0
DA:1,1
LF:1
LH:1
BRF:0
BRH:0
end_of_record
TN:
SF:src\helpers\errors\exception-filter.error.ts
FN:14,(anonymous_4)
FN:16,(anonymous_5)
FNF:2
FNH:2
FNDA:1,(anonymous_4)
FNDA:1,(anonymous_5)
DA:2,1
DA:4,1
DA:9,1
DA:10,1
DA:13,1
DA:14,1
DA:17,1
DA:18,1
DA:19,1
DA:21,0
DA:22,0
LF:11
LH:9
BRDA:17,0,0,1
BRDA:17,0,1,0
BRF:2
BRH:1
end_of_record
TN:
SF:src\helpers\errors\http.error.ts
FN:17,(anonymous_2)
FNF:1
FNH:1
FNDA:1,(anonymous_2)
DA:1,1
DA:3,1
DA:4,1
DA:7,1
DA:9,1
DA:12,1
DA:15,1
DA:18,1
DA:19,1
DA:20,1
DA:21,1
DA:22,1
LF:12
LH:12
BRDA:21,0,0,1
BRDA:21,0,1,0
BRF:2
BRH:1
end_of_record
TN:
SF:src\metadata\metadata.ts
FN:3,Meta
FNF:1
FNH:1
FNDA:1,Meta
DA:1,1
DA:3,1
DA:4,1
DA:5,1
DA:6,1
LF:5
LH:5
BRF:0
BRH:0
end_of_record
TN:
SF:src\service\config\config.service.ts
FN:11,(anonymous_4)
FN:23,(anonymous_5)
FNF:2
FNH:2
FNDA:1,(anonymous_4)
FNDA:5,(anonymous_5)
DA:1,1
DA:2,1
DA:4,1
DA:9,1
DA:11,1
DA:12,1
DA:13,1
DA:14,0
DA:18,1
DA:19,1
DA:24,5
LF:11
LH:10
BRDA:13,0,0,0
BRDA:13,0,1,1
BRF:2
BRH:1
end_of_record
TN:
SF:src\service\logger\logger.service.ts
FN:12,(anonymous_2)
FN:22,(anonymous_3)
FN:26,(anonymous_4)
FN:30,(anonymous_5)
FNF:4
FNH:3
FNDA:1,(anonymous_2)
FNDA:4,(anonymous_3)
FNDA:1,(anonymous_4)
FNDA:0,(anonymous_5)
DA:1,1
DA:2,1
DA:4,1
DA:9,1
DA:13,1
DA:23,4
DA:27,1
DA:31,0
LF:8
LH:7
BRF:0
BRH:0
end_of_record
TN:
SF:src\service\users\users.service.ts
FN:14,(anonymous_4)
FN:21,(anonymous_5)
FN:36,(anonymous_6)
FN:50,(anonymous_7)
FNF:4
FNH:3
FNDA:1,(anonymous_4)
FNDA:0,(anonymous_5)
FNDA:4,(anonymous_6)
FNDA:1,(anonymous_7)
DA:1,1
DA:5,1
DA:7,1
DA:13,1
DA:16,1
DA:18,1
DA:26,0
DA:27,0
DA:28,0
DA:29,0
DA:30,0
DA:31,0
DA:33,0
DA:37,4
DA:38,4
DA:39,0
DA:41,4
DA:46,4
DA:51,1
LF:19
LH:11
BRDA:30,0,0,0
BRDA:30,0,1,0
BRDA:38,1,0,0
BRDA:38,1,1,4
BRF:4
BRH:1
end_of_record
